2013-07-01 19:12:36,729 - Velocimacro : allowInlineLocal = false : VMs defined inline will be global in scope if allowed.
2013-07-01 19:12:36,729 - Velocimacro : autoload off : VM system will not automatically reload global library macros
2013-07-01 19:13:20,182 - Log4JLogChute initialized using file 'velocity.log'
2013-07-01 19:13:20,182 - Starting Apache Velocity v1.6.3 (compiled: 2009-12-07 15:40:14)
2013-07-01 19:13:20,182 - Default Properties File: org/apache/velocity/runtime/defaults/velocity.properties
2013-07-01 19:13:20,183 - Trying to use logger class org.apache.velocity.runtime.log.AvalonLogChute
2013-07-01 19:13:20,183 - Target log system for org.apache.velocity.runtime.log.AvalonLogChute is not available (java.lang.NoClassDefFoundError: org/apache/log/format/Formatter).  Falling back to next log system...
2013-07-01 19:13:20,183 - Trying to use logger class org.apache.velocity.runtime.log.Log4JLogChute
2013-07-01 19:13:20,183 - Using logger class org.apache.velocity.runtime.log.Log4JLogChute
2013-07-01 19:13:20,190 - ResourceLoader instantiated: org.apache.velocity.runtime.resource.loader.FileResourceLoader
2013-07-01 19:13:20,192 - Do unicode file recognition:  false
2013-07-01 19:13:20,192 - FileResourceLoader : adding path '.'
2013-07-01 19:13:20,230 - ResourceCache: initialized (class org.apache.velocity.runtime.resource.ResourceCacheImpl) with class java.util.Collections$SynchronizedMap cache map.
2013-07-01 19:13:20,233 - Loaded System Directive: org.apache.velocity.runtime.directive.Define
2013-07-01 19:13:20,234 - Loaded System Directive: org.apache.velocity.runtime.directive.Break
2013-07-01 19:13:20,236 - Loaded System Directive: org.apache.velocity.runtime.directive.Evaluate
2013-07-01 19:13:20,236 - Loaded System Directive: org.apache.velocity.runtime.directive.Literal
2013-07-01 19:13:20,238 - Loaded System Directive: org.apache.velocity.runtime.directive.Macro
2013-07-01 19:13:20,241 - Loaded System Directive: org.apache.velocity.runtime.directive.Parse
2013-07-01 19:13:20,243 - Loaded System Directive: org.apache.velocity.runtime.directive.Include
2013-07-01 19:13:20,245 - Loaded System Directive: org.apache.velocity.runtime.directive.Foreach
2013-07-01 19:13:20,277 - Created '20' parsers.
2013-07-01 19:13:20,283 - Velocimacro : "velocimacro.library" is not set.  Trying default library: VM_global_library.vm
2013-07-01 19:13:20,283 - Velocimacro : Default library not found.
2013-07-01 19:13:20,283 - Velocimacro : allowInline = true : VMs can be defined inline in templates
2013-07-01 19:13:20,284 - Velocimacro : allowInlineToOverride = false : VMs defined inline may NOT replace previous VM definitions
2013-07-01 19:13:20,284 - Velocimacro : allowInlineLocal = false : VMs defined inline will be global in scope if allowed.
2013-07-01 19:13:20,284 - Velocimacro : autoload off : VM system will not automatically reload global library macros
2013-07-01 19:17:58,414 - Log4JLogChute initialized using file 'velocity.log'
2013-07-01 19:17:58,414 - Starting Apache Velocity v1.6.3 (compiled: 2009-12-07 15:40:14)
2013-07-01 19:17:58,414 - Default Properties File: org/apache/velocity/runtime/defaults/velocity.properties
2013-07-01 19:17:58,415 - Trying to use logger class org.apache.velocity.runtime.log.AvalonLogChute
2013-07-01 19:17:58,415 - Target log system for org.apache.velocity.runtime.log.AvalonLogChute is not available (java.lang.NoClassDefFoundError: org/apache/log/format/Formatter).  Falling back to next log system...
2013-07-01 19:17:58,415 - Trying to use logger class org.apache.velocity.runtime.log.Log4JLogChute
2013-07-01 19:17:58,415 - Using logger class org.apache.velocity.runtime.log.Log4JLogChute
2013-07-01 19:17:58,422 - ResourceLoader instantiated: org.apache.velocity.runtime.resource.loader.FileResourceLoader
2013-07-01 19:17:58,424 - Do unicode file recognition:  false
2013-07-01 19:17:58,424 - FileResourceLoader : adding path '.'
2013-07-01 19:17:58,443 - ResourceCache: initialized (class org.apache.velocity.runtime.resource.ResourceCacheImpl) with class java.util.Collections$SynchronizedMap cache map.
2013-07-01 19:17:58,445 - Loaded System Directive: org.apache.velocity.runtime.directive.Define
2013-07-01 19:17:58,447 - Loaded System Directive: org.apache.velocity.runtime.directive.Break
2013-07-01 19:17:58,448 - Loaded System Directive: org.apache.velocity.runtime.directive.Evaluate
2013-07-01 19:17:58,450 - Loaded System Directive: org.apache.velocity.runtime.directive.Literal
2013-07-01 19:17:58,452 - Loaded System Directive: org.apache.velocity.runtime.directive.Macro
2013-07-01 19:17:58,454 - Loaded System Directive: org.apache.velocity.runtime.directive.Parse
2013-07-01 19:17:58,456 - Loaded System Directive: org.apache.velocity.runtime.directive.Include
2013-07-01 19:17:58,457 - Loaded System Directive: org.apache.velocity.runtime.directive.Foreach
2013-07-01 19:17:58,489 - Created '20' parsers.
2013-07-01 19:17:58,496 - Velocimacro : "velocimacro.library" is not set.  Trying default library: VM_global_library.vm
2013-07-01 19:17:58,496 - Velocimacro : Default library not found.
2013-07-01 19:17:58,496 - Velocimacro : allowInline = true : VMs can be defined inline in templates
2013-07-01 19:17:58,496 - Velocimacro : allowInlineToOverride = false : VMs defined inline may NOT replace previous VM definitions
2013-07-01 19:17:58,496 - Velocimacro : allowInlineLocal = false : VMs defined inline will be global in scope if allowed.
2013-07-01 19:17:58,496 - Velocimacro : autoload off : VM system will not automatically reload global library macros
2013-07-01 19:24:43,631 - Log4JLogChute initialized using file 'velocity.log'
2013-07-01 19:24:43,632 - Starting Apache Velocity v1.6.3 (compiled: 2009-12-07 15:40:14)
2013-07-01 19:24:43,632 - Default Properties File: org/apache/velocity/runtime/defaults/velocity.properties
2013-07-01 19:24:43,632 - Trying to use logger class org.apache.velocity.runtime.log.AvalonLogChute
2013-07-01 19:24:43,632 - Target log system for org.apache.velocity.runtime.log.AvalonLogChute is not available (java.lang.NoClassDefFoundError: org/apache/log/format/Formatter).  Falling back to next log system...
2013-07-01 19:24:43,632 - Trying to use logger class org.apache.velocity.runtime.log.Log4JLogChute
2013-07-01 19:24:43,632 - Using logger class org.apache.velocity.runtime.log.Log4JLogChute
2013-07-01 19:24:43,639 - ResourceLoader instantiated: org.apache.velocity.runtime.resource.loader.FileResourceLoader
2013-07-01 19:24:43,640 - Do unicode file recognition:  false
2013-07-01 19:24:43,640 - FileResourceLoader : adding path '.'
2013-07-01 19:24:43,658 - ResourceCache: initialized (class org.apache.velocity.runtime.resource.ResourceCacheImpl) with class java.util.Collections$SynchronizedMap cache map.
2013-07-01 19:24:43,661 - Loaded System Directive: org.apache.velocity.runtime.directive.Define
2013-07-01 19:24:43,662 - Loaded System Directive: org.apache.velocity.runtime.directive.Break
2013-07-01 19:24:43,663 - Loaded System Directive: org.apache.velocity.runtime.directive.Evaluate
2013-07-01 19:24:43,664 - Loaded System Directive: org.apache.velocity.runtime.directive.Literal
2013-07-01 19:24:43,666 - Loaded System Directive: org.apache.velocity.runtime.directive.Macro
2013-07-01 19:24:43,667 - Loaded System Directive: org.apache.velocity.runtime.directive.Parse
2013-07-01 19:24:43,669 - Loaded System Directive: org.apache.velocity.runtime.directive.Include
2013-07-01 19:24:43,670 - Loaded System Directive: org.apache.velocity.runtime.directive.Foreach
2013-07-01 19:24:43,704 - Created '20' parsers.
2013-07-01 19:24:43,712 - Velocimacro : "velocimacro.library" is not set.  Trying default library: VM_global_library.vm
2013-07-01 19:24:43,712 - Velocimacro : Default library not found.
2013-07-01 19:24:43,713 - Velocimacro : allowInline = true : VMs can be defined inline in templates
2013-07-01 19:24:43,713 - Velocimacro : allowInlineToOverride = false : VMs defined inline may NOT replace previous VM definitions
2013-07-01 19:24:43,713 - Velocimacro : allowInlineLocal = false : VMs defined inline will be global in scope if allowed.
2013-07-01 19:24:43,713 - Velocimacro : autoload off : VM system will not automatically reload global library macros
2013-07-01 19:27:00,561 - Log4JLogChute initialized using file 'velocity.log'
2013-07-01 19:27:00,566 - Starting Apache Velocity v1.6.3 (compiled: 2009-12-07 15:40:14)
2013-07-01 19:27:00,566 - Default Properties File: org/apache/velocity/runtime/defaults/velocity.properties
2013-07-01 19:27:00,566 - Trying to use logger class org.apache.velocity.runtime.log.AvalonLogChute
2013-07-01 19:27:00,566 - Target log system for org.apache.velocity.runtime.log.AvalonLogChute is not available (java.lang.NoClassDefFoundError: org/apache/log/format/Formatter).  Falling back to next log system...
2013-07-01 19:27:00,566 - Trying to use logger class org.apache.velocity.runtime.log.Log4JLogChute
2013-07-01 19:27:00,566 - Using logger class org.apache.velocity.runtime.log.Log4JLogChute
2013-07-01 19:27:00,574 - ResourceLoader instantiated: org.apache.velocity.runtime.resource.loader.FileResourceLoader
2013-07-01 19:27:00,584 - Do unicode file recognition:  false
2013-07-01 19:27:00,585 - FileResourceLoader : adding path '.'
2013-07-01 19:27:00,600 - ResourceCache: initialized (class org.apache.velocity.runtime.resource.ResourceCacheImpl) with class java.util.Collections$SynchronizedMap cache map.
2013-07-01 19:27:00,602 - Loaded System Directive: org.apache.velocity.runtime.directive.Define
2013-07-01 19:27:00,604 - Loaded System Directive: org.apache.velocity.runtime.directive.Break
2013-07-01 19:27:00,605 - Loaded System Directive: org.apache.velocity.runtime.directive.Evaluate
2013-07-01 19:27:00,606 - Loaded System Directive: org.apache.velocity.runtime.directive.Literal
2013-07-01 19:27:00,608 - Loaded System Directive: org.apache.velocity.runtime.directive.Macro
2013-07-01 19:27:00,609 - Loaded System Directive: org.apache.velocity.runtime.directive.Parse
2013-07-01 19:27:00,611 - Loaded System Directive: org.apache.velocity.runtime.directive.Include
2013-07-01 19:27:00,613 - Loaded System Directive: org.apache.velocity.runtime.directive.Foreach
2013-07-01 19:27:00,639 - Created '20' parsers.
2013-07-01 19:27:00,645 - Velocimacro : "velocimacro.library" is not set.  Trying default library: VM_global_library.vm
2013-07-01 19:27:00,645 - Velocimacro : Default library not found.
2013-07-01 19:27:00,645 - Velocimacro : allowInline = true : VMs can be defined inline in templates
2013-07-01 19:27:00,645 - Velocimacro : allowInlineToOverride = false : VMs defined inline may NOT replace previous VM definitions
2013-07-01 19:27:00,645 - Velocimacro : allowInlineLocal = false : VMs defined inline will be global in scope if allowed.
2013-07-01 19:27:00,645 - Velocimacro : autoload off : VM system will not automatically reload global library macros
2013-07-01 19:28:18,261 - Log4JLogChute initialized using file 'velocity.log'
2013-07-01 19:28:18,261 - Starting Apache Velocity v1.6.3 (compiled: 2009-12-07 15:40:14)
2013-07-01 19:28:18,261 - Default Properties File: org/apache/velocity/runtime/defaults/velocity.properties
2013-07-01 19:28:18,261 - Trying to use logger class org.apache.velocity.runtime.log.AvalonLogChute
2013-07-01 19:28:18,261 - Target log system for org.apache.velocity.runtime.log.AvalonLogChute is not available (java.lang.NoClassDefFoundError: org/apache/log/format/Formatter).  Falling back to next log system...
2013-07-01 19:28:18,261 - Trying to use logger class org.apache.velocity.runtime.log.Log4JLogChute
2013-07-01 19:28:18,261 - Using logger class org.apache.velocity.runtime.log.Log4JLogChute
2013-07-01 19:28:18,267 - ResourceLoader instantiated: org.apache.velocity.runtime.resource.loader.FileResourceLoader
2013-07-01 19:28:18,268 - Do unicode file recognition:  false
2013-07-01 19:28:18,268 - FileResourceLoader : adding path '.'
2013-07-01 19:28:18,279 - ResourceCache: initialized (class org.apache.velocity.runtime.resource.ResourceCacheImpl) with class java.util.Collections$SynchronizedMap cache map.
2013-07-01 19:28:18,280 - Loaded System Directive: org.apache.velocity.runtime.directive.Define
2013-07-01 19:28:18,281 - Loaded System Directive: org.apache.velocity.runtime.directive.Break
2013-07-01 19:28:18,282 - Loaded System Directive: org.apache.velocity.runtime.directive.Evaluate
2013-07-01 19:28:18,283 - Loaded System Directive: org.apache.velocity.runtime.directive.Literal
2013-07-01 19:28:18,284 - Loaded System Directive: org.apache.velocity.runtime.directive.Macro
2013-07-01 19:28:18,286 - Loaded System Directive: org.apache.velocity.runtime.directive.Parse
2013-07-01 19:28:18,287 - Loaded System Directive: org.apache.velocity.runtime.directive.Include
2013-07-01 19:28:18,289 - Loaded System Directive: org.apache.velocity.runtime.directive.Foreach
2013-07-01 19:28:18,321 - Created '20' parsers.
2013-07-01 19:28:18,327 - Velocimacro : "velocimacro.library" is not set.  Trying default library: VM_global_library.vm
2013-07-01 19:28:18,327 - Velocimacro : Default library not found.
2013-07-01 19:28:18,327 - Velocimacro : allowInline = true : VMs can be defined inline in templates
2013-07-01 19:28:18,327 - Velocimacro : allowInlineToOverride = false : VMs defined inline may NOT replace previous VM definitions
2013-07-01 19:28:18,327 - Velocimacro : allowInlineLocal = false : VMs defined inline will be global in scope if allowed.
2013-07-01 19:28:18,327 - Velocimacro : autoload off : VM system will not automatically reload global library macros
2013-07-01 19:33:45,399 - Log4JLogChute initialized using file 'velocity.log'
2013-07-01 19:33:45,400 - Starting Apache Velocity v1.6.3 (compiled: 2009-12-07 15:40:14)
2013-07-01 19:33:45,400 - Default Properties File: org/apache/velocity/runtime/defaults/velocity.properties
2013-07-01 19:33:45,400 - Trying to use logger class org.apache.velocity.runtime.log.AvalonLogChute
2013-07-01 19:33:45,400 - Target log system for org.apache.velocity.runtime.log.AvalonLogChute is not available (java.lang.NoClassDefFoundError: org/apache/log/format/Formatter).  Falling back to next log system...
2013-07-01 19:33:45,400 - Trying to use logger class org.apache.velocity.runtime.log.Log4JLogChute
2013-07-01 19:33:45,400 - Using logger class org.apache.velocity.runtime.log.Log4JLogChute
2013-07-01 19:33:45,410 - ResourceLoader instantiated: org.apache.velocity.runtime.resource.loader.FileResourceLoader
2013-07-01 19:33:45,411 - Do unicode file recognition:  false
2013-07-01 19:33:45,411 - FileResourceLoader : adding path '.'
2013-07-01 19:33:45,432 - ResourceCache: initialized (class org.apache.velocity.runtime.resource.ResourceCacheImpl) with class java.util.Collections$SynchronizedMap cache map.
2013-07-01 19:33:45,435 - Loaded System Directive: org.apache.velocity.runtime.directive.Define
2013-07-01 19:33:45,436 - Loaded System Directive: org.apache.velocity.runtime.directive.Break
2013-07-01 19:33:45,437 - Loaded System Directive: org.apache.velocity.runtime.directive.Evaluate
2013-07-01 19:33:45,439 - Loaded System Directive: org.apache.velocity.runtime.directive.Literal
2013-07-01 19:33:45,440 - Loaded System Directive: org.apache.velocity.runtime.directive.Macro
2013-07-01 19:33:45,442 - Loaded System Directive: org.apache.velocity.runtime.directive.Parse
2013-07-01 19:33:45,443 - Loaded System Directive: org.apache.velocity.runtime.directive.Include
2013-07-01 19:33:45,445 - Loaded System Directive: org.apache.velocity.runtime.directive.Foreach
2013-07-01 19:33:45,478 - Created '20' parsers.
2013-07-01 19:33:45,485 - Velocimacro : "velocimacro.library" is not set.  Trying default library: VM_global_library.vm
2013-07-01 19:33:45,485 - Velocimacro : Default library not found.
2013-07-01 19:33:45,485 - Velocimacro : allowInline = true : VMs can be defined inline in templates
2013-07-01 19:33:45,485 - Velocimacro : allowInlineToOverride = false : VMs defined inline may NOT replace previous VM definitions
2013-07-01 19:33:45,485 - Velocimacro : allowInlineLocal = false : VMs defined inline will be global in scope if allowed.
2013-07-01 19:33:45,485 - Velocimacro : autoload off : VM system will not automatically reload global library macros
2013-07-01 19:34:36,135 - Log4JLogChute initialized using file 'velocity.log'
2013-07-01 19:34:36,136 - Starting Apache Velocity v1.6.3 (compiled: 2009-12-07 15:40:14)
2013-07-01 19:34:36,136 - Default Properties File: org/apache/velocity/runtime/defaults/velocity.properties
2013-07-01 19:34:36,136 - Trying to use logger class org.apache.velocity.runtime.log.AvalonLogChute
2013-07-01 19:34:36,136 - Target log system for org.apache.velocity.runtime.log.AvalonLogChute is not available (java.lang.NoClassDefFoundError: org/apache/log/format/Formatter).  Falling back to next log system...
2013-07-01 19:34:36,136 - Trying to use logger class org.apache.velocity.runtime.log.Log4JLogChute
2013-07-01 19:34:36,136 - Using logger class org.apache.velocity.runtime.log.Log4JLogChute
2013-07-01 19:34:36,143 - ResourceLoader instantiated: org.apache.velocity.runtime.resource.loader.FileResourceLoader
2013-07-01 19:34:36,145 - Do unicode file recognition:  false
2013-07-01 19:34:36,145 - FileResourceLoader : adding path '.'
2013-07-01 19:34:36,162 - ResourceCache: initialized (class org.apache.velocity.runtime.resource.ResourceCacheImpl) with class java.util.Collections$SynchronizedMap cache map.
2013-07-01 19:34:36,164 - Loaded System Directive: org.apache.velocity.runtime.directive.Define
2013-07-01 19:34:36,165 - Loaded System Directive: org.apache.velocity.runtime.directive.Break
2013-07-01 19:34:36,166 - Loaded System Directive: org.apache.velocity.runtime.directive.Evaluate
2013-07-01 19:34:36,167 - Loaded System Directive: org.apache.velocity.runtime.directive.Literal
2013-07-01 19:34:36,169 - Loaded System Directive: org.apache.velocity.runtime.directive.Macro
2013-07-01 19:34:36,172 - Loaded System Directive: org.apache.velocity.runtime.directive.Parse
2013-07-01 19:34:36,174 - Loaded System Directive: org.apache.velocity.runtime.directive.Include
2013-07-01 19:34:36,175 - Loaded System Directive: org.apache.velocity.runtime.directive.Foreach
2013-07-01 19:34:36,211 - Created '20' parsers.
2013-07-01 19:34:36,220 - Velocimacro : "velocimacro.library" is not set.  Trying default library: VM_global_library.vm
2013-07-01 19:34:36,220 - Velocimacro : Default library not found.
2013-07-01 19:34:36,220 - Velocimacro : allowInline = true : VMs can be defined inline in templates
2013-07-01 19:34:36,220 - Velocimacro : allowInlineToOverride = false : VMs defined inline may NOT replace previous VM definitions
2013-07-01 19:34:36,220 - Velocimacro : allowInlineLocal = false : VMs defined inline will be global in scope if allowed.
2013-07-01 19:34:36,220 - Velocimacro : autoload off : VM system will not automatically reload global library macros
2013-07-01 19:36:52,136 - Log4JLogChute initialized using file 'velocity.log'
2013-07-01 19:36:52,136 - Starting Apache Velocity v1.6.3 (compiled: 2009-12-07 15:40:14)
2013-07-01 19:36:52,136 - Default Properties File: org/apache/velocity/runtime/defaults/velocity.properties
2013-07-01 19:36:52,136 - Trying to use logger class org.apache.velocity.runtime.log.AvalonLogChute
2013-07-01 19:36:52,136 - Target log system for org.apache.velocity.runtime.log.AvalonLogChute is not available (java.lang.NoClassDefFoundError: org/apache/log/format/Formatter).  Falling back to next log system...
2013-07-01 19:36:52,136 - Trying to use logger class org.apache.velocity.runtime.log.Log4JLogChute
2013-07-01 19:36:52,136 - Using logger class org.apache.velocity.runtime.log.Log4JLogChute
2013-07-01 19:36:52,143 - ResourceLoader instantiated: org.apache.velocity.runtime.resource.loader.FileResourceLoader
2013-07-01 19:36:52,145 - Do unicode file recognition:  false
2013-07-01 19:36:52,145 - FileResourceLoader : adding path '.'
2013-07-01 19:36:52,166 - ResourceCache: initialized (class org.apache.velocity.runtime.resource.ResourceCacheImpl) with class java.util.Collections$SynchronizedMap cache map.
2013-07-01 19:36:52,172 - Loaded System Directive: org.apache.velocity.runtime.directive.Define
2013-07-01 19:36:52,185 - Loaded System Directive: org.apache.velocity.runtime.directive.Break
2013-07-01 19:36:52,186 - Loaded System Directive: org.apache.velocity.runtime.directive.Evaluate
2013-07-01 19:36:52,187 - Loaded System Directive: org.apache.velocity.runtime.directive.Literal
2013-07-01 19:36:52,189 - Loaded System Directive: org.apache.velocity.runtime.directive.Macro
2013-07-01 19:36:52,191 - Loaded System Directive: org.apache.velocity.runtime.directive.Parse
2013-07-01 19:36:52,192 - Loaded System Directive: org.apache.velocity.runtime.directive.Include
2013-07-01 19:36:52,193 - Loaded System Directive: org.apache.velocity.runtime.directive.Foreach
2013-07-01 19:36:52,220 - Created '20' parsers.
2013-07-01 19:36:52,226 - Velocimacro : "velocimacro.library" is not set.  Trying default library: VM_global_library.vm
2013-07-01 19:36:52,226 - Velocimacro : Default library not found.
2013-07-01 19:36:52,226 - Velocimacro : allowInline = true : VMs can be defined inline in templates
2013-07-01 19:36:52,226 - Velocimacro : allowInlineToOverride = false : VMs defined inline may NOT replace previous VM definitions
2013-07-01 19:36:52,226 - Velocimacro : allowInlineLocal = false : VMs defined inline will be global in scope if allowed.
2013-07-01 19:36:52,226 - Velocimacro : autoload off : VM system will not automatically reload global library macros
2013-07-01 19:40:07,422 - Log4JLogChute initialized using file 'velocity.log'
2013-07-01 19:40:07,422 - Starting Apache Velocity v1.6.3 (compiled: 2009-12-07 15:40:14)
2013-07-01 19:40:07,423 - Default Properties File: org/apache/velocity/runtime/defaults/velocity.properties
2013-07-01 19:40:07,423 - Trying to use logger class org.apache.velocity.runtime.log.AvalonLogChute
2013-07-01 19:40:07,423 - Target log system for org.apache.velocity.runtime.log.AvalonLogChute is not available (java.lang.NoClassDefFoundError: org/apache/log/format/Formatter).  Falling back to next log system...
2013-07-01 19:40:07,423 - Trying to use logger class org.apache.velocity.runtime.log.Log4JLogChute
2013-07-01 19:40:07,423 - Using logger class org.apache.velocity.runtime.log.Log4JLogChute
2013-07-01 19:40:07,430 - ResourceLoader instantiated: org.apache.velocity.runtime.resource.loader.FileResourceLoader
2013-07-01 19:40:07,432 - Do unicode file recognition:  false
2013-07-01 19:40:07,432 - FileResourceLoader : adding path '.'
2013-07-01 19:40:07,449 - ResourceCache: initialized (class org.apache.velocity.runtime.resource.ResourceCacheImpl) with class java.util.Collections$SynchronizedMap cache map.
2013-07-01 19:40:07,451 - Loaded System Directive: org.apache.velocity.runtime.directive.Define
2013-07-01 19:40:07,452 - Loaded System Directive: org.apache.velocity.runtime.directive.Break
2013-07-01 19:40:07,453 - Loaded System Directive: org.apache.velocity.runtime.directive.Evaluate
2013-07-01 19:40:07,454 - Loaded System Directive: org.apache.velocity.runtime.directive.Literal
2013-07-01 19:40:07,455 - Loaded System Directive: org.apache.velocity.runtime.directive.Macro
2013-07-01 19:40:07,457 - Loaded System Directive: org.apache.velocity.runtime.directive.Parse
2013-07-01 19:40:07,458 - Loaded System Directive: org.apache.velocity.runtime.directive.Include
2013-07-01 19:40:07,459 - Loaded System Directive: org.apache.velocity.runtime.directive.Foreach
2013-07-01 19:40:07,489 - Created '20' parsers.
2013-07-01 19:40:07,498 - Velocimacro : "velocimacro.library" is not set.  Trying default library: VM_global_library.vm
2013-07-01 19:40:07,498 - Velocimacro : Default library not found.
2013-07-01 19:40:07,498 - Velocimacro : allowInline = true : VMs can be defined inline in templates
2013-07-01 19:40:07,498 - Velocimacro : allowInlineToOverride = false : VMs defined inline may NOT replace previous VM definitions
2013-07-01 19:40:07,498 - Velocimacro : allowInlineLocal = false : VMs defined inline will be global in scope if allowed.
2013-07-01 19:40:07,498 - Velocimacro : autoload off : VM system will not automatically reload global library macros
2013-07-01 19:48:22,111 - Log4JLogChute initialized using file 'velocity.log'
2013-07-01 19:48:22,111 - Starting Apache Velocity v1.6.3 (compiled: 2009-12-07 15:40:14)
2013-07-01 19:48:22,111 - Default Properties File: org/apache/velocity/runtime/defaults/velocity.properties
2013-07-01 19:48:22,111 - Trying to use logger class org.apache.velocity.runtime.log.AvalonLogChute
2013-07-01 19:48:22,111 - Target log system for org.apache.velocity.runtime.log.AvalonLogChute is not available (java.lang.NoClassDefFoundError: org/apache/log/format/Formatter).  Falling back to next log system...
2013-07-01 19:48:22,111 - Trying to use logger class org.apache.velocity.runtime.log.Log4JLogChute
2013-07-01 19:48:22,111 - Using logger class org.apache.velocity.runtime.log.Log4JLogChute
2013-07-01 19:48:22,118 - ResourceLoader instantiated: org.apache.velocity.runtime.resource.loader.FileResourceLoader
2013-07-01 19:48:22,120 - Do unicode file recognition:  false
2013-07-01 19:48:22,120 - FileResourceLoader : adding path '.'
2013-07-01 19:48:22,136 - ResourceCache: initialized (class org.apache.velocity.runtime.resource.ResourceCacheImpl) with class java.util.Collections$SynchronizedMap cache map.
2013-07-01 19:48:22,138 - Loaded System Directive: org.apache.velocity.runtime.directive.Define
2013-07-01 19:48:22,139 - Loaded System Directive: org.apache.velocity.runtime.directive.Break
2013-07-01 19:48:22,140 - Loaded System Directive: org.apache.velocity.runtime.directive.Evaluate
2013-07-01 19:48:22,141 - Loaded System Directive: org.apache.velocity.runtime.directive.Literal
2013-07-01 19:48:22,142 - Loaded System Directive: org.apache.velocity.runtime.directive.Macro
2013-07-01 19:48:22,144 - Loaded System Directive: org.apache.velocity.runtime.directive.Parse
2013-07-01 19:48:22,146 - Loaded System Directive: org.apache.velocity.runtime.directive.Include
2013-07-01 19:48:22,147 - Loaded System Directive: org.apache.velocity.runtime.directive.Foreach
2013-07-01 19:48:22,179 - Created '20' parsers.
2013-07-01 19:48:22,188 - Velocimacro : "velocimacro.library" is not set.  Trying default library: VM_global_library.vm
2013-07-01 19:48:22,188 - Velocimacro : Default library not found.
2013-07-01 19:48:22,188 - Velocimacro : allowInline = true : VMs can be defined inline in templates
2013-07-01 19:48:22,188 - Velocimacro : allowInlineToOverride = false : VMs defined inline may NOT replace previous VM definitions
2013-07-01 19:48:22,189 - Velocimacro : allowInlineLocal = false : VMs defined inline will be global in scope if allowed.
2013-07-01 19:48:22,189 - Velocimacro : autoload off : VM system will not automatically reload global library macros
2013-07-01 19:50:10,029 - Log4JLogChute initialized using file 'velocity.log'
2013-07-01 19:50:10,029 - Starting Apache Velocity v1.6.3 (compiled: 2009-12-07 15:40:14)
2013-07-01 19:50:10,029 - Default Properties File: org/apache/velocity/runtime/defaults/velocity.properties
2013-07-01 19:50:10,030 - Trying to use logger class org.apache.velocity.runtime.log.AvalonLogChute
2013-07-01 19:50:10,030 - Target log system for org.apache.velocity.runtime.log.AvalonLogChute is not available (java.lang.NoClassDefFoundError: org/apache/log/format/Formatter).  Falling back to next log system...
2013-07-01 19:50:10,030 - Trying to use logger class org.apache.velocity.runtime.log.Log4JLogChute
2013-07-01 19:50:10,030 - Using logger class org.apache.velocity.runtime.log.Log4JLogChute
2013-07-01 19:50:10,034 - ResourceLoader instantiated: org.apache.velocity.runtime.resource.loader.FileResourceLoader
2013-07-01 19:50:10,035 - Do unicode file recognition:  false
2013-07-01 19:50:10,035 - FileResourceLoader : adding path '.'
2013-07-01 19:50:10,044 - ResourceCache: initialized (class org.apache.velocity.runtime.resource.ResourceCacheImpl) with class java.util.Collections$SynchronizedMap cache map.
2013-07-01 19:50:10,045 - Loaded System Directive: org.apache.velocity.runtime.directive.Define
2013-07-01 19:50:10,046 - Loaded System Directive: org.apache.velocity.runtime.directive.Break
2013-07-01 19:50:10,046 - Loaded System Directive: org.apache.velocity.runtime.directive.Evaluate
2013-07-01 19:50:10,047 - Loaded System Directive: org.apache.velocity.runtime.directive.Literal
2013-07-01 19:50:10,048 - Loaded System Directive: org.apache.velocity.runtime.directive.Macro
2013-07-01 19:50:10,049 - Loaded System Directive: org.apache.velocity.runtime.directive.Parse
2013-07-01 19:50:10,050 - Loaded System Directive: org.apache.velocity.runtime.directive.Include
2013-07-01 19:50:10,051 - Loaded System Directive: org.apache.velocity.runtime.directive.Foreach
2013-07-01 19:50:10,078 - Created '20' parsers.
2013-07-01 19:50:10,083 - Velocimacro : "velocimacro.library" is not set.  Trying default library: VM_global_library.vm
2013-07-01 19:50:10,083 - Velocimacro : Default library not found.
2013-07-01 19:50:10,083 - Velocimacro : allowInline = true : VMs can be defined inline in templates
2013-07-01 19:50:10,083 - Velocimacro : allowInlineToOverride = false : VMs defined inline may NOT replace previous VM definitions
2013-07-01 19:50:10,083 - Velocimacro : allowInlineLocal = false : VMs defined inline will be global in scope if allowed.
2013-07-01 19:50:10,083 - Velocimacro : autoload off : VM system will not automatically reload global library macros
2013-07-01 19:53:46,216 - Log4JLogChute initialized using file 'velocity.log'
2013-07-01 19:53:46,216 - Starting Apache Velocity v1.6.3 (compiled: 2009-12-07 15:40:14)
2013-07-01 19:53:46,216 - Default Properties File: org/apache/velocity/runtime/defaults/velocity.properties
2013-07-01 19:53:46,216 - Trying to use logger class org.apache.velocity.runtime.log.AvalonLogChute
2013-07-01 19:53:46,216 - Target log system for org.apache.velocity.runtime.log.AvalonLogChute is not available (java.lang.NoClassDefFoundError: org/apache/log/format/Formatter).  Falling back to next log system...
2013-07-01 19:53:46,217 - Trying to use logger class org.apache.velocity.runtime.log.Log4JLogChute
2013-07-01 19:53:46,217 - Using logger class org.apache.velocity.runtime.log.Log4JLogChute
2013-07-01 19:53:46,222 - ResourceLoader instantiated: org.apache.velocity.runtime.resource.loader.FileResourceLoader
2013-07-01 19:53:46,224 - Do unicode file recognition:  false
2013-07-01 19:53:46,224 - FileResourceLoader : adding path '.'
2013-07-01 19:53:46,232 - ResourceCache: initialized (class org.apache.velocity.runtime.resource.ResourceCacheImpl) with class java.util.Collections$SynchronizedMap cache map.
2013-07-01 19:53:46,234 - Loaded System Directive: org.apache.velocity.runtime.directive.Define
2013-07-01 19:53:46,235 - Loaded System Directive: org.apache.velocity.runtime.directive.Break
2013-07-01 19:53:46,236 - Loaded System Directive: org.apache.velocity.runtime.directive.Evaluate
2013-07-01 19:53:46,236 - Loaded System Directive: org.apache.velocity.runtime.directive.Literal
2013-07-01 19:53:46,237 - Loaded System Directive: org.apache.velocity.runtime.directive.Macro
2013-07-01 19:53:46,238 - Loaded System Directive: org.apache.velocity.runtime.directive.Parse
2013-07-01 19:53:46,239 - Loaded System Directive: org.apache.velocity.runtime.directive.Include
2013-07-01 19:53:46,240 - Loaded System Directive: org.apache.velocity.runtime.directive.Foreach
2013-07-01 19:53:46,262 - Created '20' parsers.
2013-07-01 19:53:46,267 - Velocimacro : "velocimacro.library" is not set.  Trying default library: VM_global_library.vm
2013-07-01 19:53:46,267 - Velocimacro : Default library not found.
2013-07-01 19:53:46,267 - Velocimacro : allowInline = true : VMs can be defined inline in templates
2013-07-01 19:53:46,267 - Velocimacro : allowInlineToOverride = false : VMs defined inline may NOT replace previous VM definitions
2013-07-01 19:53:46,267 - Velocimacro : allowInlineLocal = false : VMs defined inline will be global in scope if allowed.
2013-07-01 19:53:46,267 - Velocimacro : autoload off : VM system will not automatically reload global library macros
2013-07-01 19:57:18,938 - Log4JLogChute initialized using file 'velocity.log'
2013-07-01 19:57:18,938 - Starting Apache Velocity v1.6.3 (compiled: 2009-12-07 15:40:14)
2013-07-01 19:57:18,938 - Default Properties File: org/apache/velocity/runtime/defaults/velocity.properties
2013-07-01 19:57:18,938 - Trying to use logger class org.apache.velocity.runtime.log.AvalonLogChute
2013-07-01 19:57:18,938 - Target log system for org.apache.velocity.runtime.log.AvalonLogChute is not available (java.lang.NoClassDefFoundError: org/apache/log/format/Formatter).  Falling back to next log system...
2013-07-01 19:57:18,938 - Trying to use logger class org.apache.velocity.runtime.log.Log4JLogChute
2013-07-01 19:57:18,938 - Using logger class org.apache.velocity.runtime.log.Log4JLogChute
2013-07-01 19:57:18,944 - ResourceLoader instantiated: org.apache.velocity.runtime.resource.loader.FileResourceLoader
2013-07-01 19:57:18,945 - Do unicode file recognition:  false
2013-07-01 19:57:18,945 - FileResourceLoader : adding path '.'
2013-07-01 19:57:18,960 - ResourceCache: initialized (class org.apache.velocity.runtime.resource.ResourceCacheImpl) with class java.util.Collections$SynchronizedMap cache map.
2013-07-01 19:57:18,962 - Loaded System Directive: org.apache.velocity.runtime.directive.Define
2013-07-01 19:57:18,964 - Loaded System Directive: org.apache.velocity.runtime.directive.Break
2013-07-01 19:57:18,965 - Loaded System Directive: org.apache.velocity.runtime.directive.Evaluate
2013-07-01 19:57:18,966 - Loaded System Directive: org.apache.velocity.runtime.directive.Literal
2013-07-01 19:57:18,967 - Loaded System Directive: org.apache.velocity.runtime.directive.Macro
2013-07-01 19:57:18,969 - Loaded System Directive: org.apache.velocity.runtime.directive.Parse
2013-07-01 19:57:18,971 - Loaded System Directive: org.apache.velocity.runtime.directive.Include
2013-07-01 19:57:18,972 - Loaded System Directive: org.apache.velocity.runtime.directive.Foreach
2013-07-01 19:57:19,004 - Created '20' parsers.
2013-07-01 19:57:19,010 - Velocimacro : "velocimacro.library" is not set.  Trying default library: VM_global_library.vm
2013-07-01 19:57:19,011 - Velocimacro : Default library not found.
2013-07-01 19:57:19,011 - Velocimacro : allowInline = true : VMs can be defined inline in templates
2013-07-01 19:57:19,011 - Velocimacro : allowInlineToOverride = false : VMs defined inline may NOT replace previous VM definitions
2013-07-01 19:57:19,011 - Velocimacro : allowInlineLocal = false : VMs defined inline will be global in scope if allowed.
2013-07-01 19:57:19,011 - Velocimacro : autoload off : VM system will not automatically reload global library macros
2013-07-03 15:24:49,570 - Log4JLogChute initialized using file 'velocity.log'
2013-07-03 15:24:49,571 - *******************************************************************
2013-07-03 15:24:49,571 - Starting Apache Velocity v1.6.3 (compiled: 2009-12-07 15:40:14)
2013-07-03 15:24:49,571 - RuntimeInstance initializing.
2013-07-03 15:24:49,571 - Default Properties File: org/apache/velocity/runtime/defaults/velocity.properties
2013-07-03 15:24:49,571 - Trying to use logger class org.apache.velocity.runtime.log.AvalonLogChute
2013-07-03 15:24:49,571 - Target log system for org.apache.velocity.runtime.log.AvalonLogChute is not available (java.lang.NoClassDefFoundError: org/apache/log/format/Formatter).  Falling back to next log system...
2013-07-03 15:24:49,571 - Trying to use logger class org.apache.velocity.runtime.log.Log4JLogChute
2013-07-03 15:24:49,571 - Using logger class org.apache.velocity.runtime.log.Log4JLogChute
2013-07-03 15:24:49,574 - Default ResourceManager initializing. (class org.apache.velocity.runtime.resource.ResourceManagerImpl)
2013-07-03 15:24:49,579 - ResourceLoader instantiated: org.apache.velocity.runtime.resource.loader.FileResourceLoader
2013-07-03 15:24:49,580 - FileResourceLoader : initialization starting.
2013-07-03 15:24:49,580 - Do unicode file recognition:  false
2013-07-03 15:24:49,580 - FileResourceLoader : adding path '.'
2013-07-03 15:24:49,580 - FileResourceLoader : initialization complete.
2013-07-03 15:24:49,597 - ResourceCache: initialized (class org.apache.velocity.runtime.resource.ResourceCacheImpl) with class java.util.Collections$SynchronizedMap cache map.
2013-07-03 15:24:49,597 - Default ResourceManager initialization complete.
2013-07-03 15:24:49,598 - Loaded System Directive: org.apache.velocity.runtime.directive.Define
2013-07-03 15:24:49,600 - Loaded System Directive: org.apache.velocity.runtime.directive.Break
2013-07-03 15:24:49,601 - Loaded System Directive: org.apache.velocity.runtime.directive.Evaluate
2013-07-03 15:24:49,602 - Loaded System Directive: org.apache.velocity.runtime.directive.Literal
2013-07-03 15:24:49,604 - Loaded System Directive: org.apache.velocity.runtime.directive.Macro
2013-07-03 15:24:49,606 - Loaded System Directive: org.apache.velocity.runtime.directive.Parse
2013-07-03 15:24:49,608 - Loaded System Directive: org.apache.velocity.runtime.directive.Include
2013-07-03 15:24:49,609 - Loaded System Directive: org.apache.velocity.runtime.directive.Foreach
2013-07-03 15:24:49,658 - Created '20' parsers.
2013-07-03 15:24:49,668 - Velocimacro : initialization starting.
2013-07-03 15:24:49,668 - Velocimacro : "velocimacro.library" is not set.  Trying default library: VM_global_library.vm
2013-07-03 15:24:49,668 - Velocimacro : Default library not found.
2013-07-03 15:24:49,669 - Velocimacro : allowInline = true : VMs can be defined inline in templates
2013-07-03 15:24:49,669 - Velocimacro : allowInlineToOverride = false : VMs defined inline may NOT replace previous VM definitions
2013-07-03 15:24:49,669 - Velocimacro : allowInlineLocal = false : VMs defined inline will be global in scope if allowed.
2013-07-03 15:24:49,669 - Velocimacro : autoload off : VM system will not automatically reload global library macros
2013-07-03 15:24:49,669 - Velocimacro : Velocimacro : initialization complete.
2013-07-03 15:24:49,669 - RuntimeInstance successfully initialized.
2013-07-03 15:31:14,454 - Log4JLogChute initialized using file 'velocity.log'
2013-07-03 15:31:14,455 - *******************************************************************
2013-07-03 15:31:14,455 - Starting Apache Velocity v1.6.3 (compiled: 2009-12-07 15:40:14)
2013-07-03 15:31:14,455 - RuntimeInstance initializing.
2013-07-03 15:31:14,455 - Default Properties File: org/apache/velocity/runtime/defaults/velocity.properties
2013-07-03 15:31:14,455 - Trying to use logger class org.apache.velocity.runtime.log.AvalonLogChute
2013-07-03 15:31:14,455 - Target log system for org.apache.velocity.runtime.log.AvalonLogChute is not available (java.lang.NoClassDefFoundError: org/apache/log/format/Formatter).  Falling back to next log system...
2013-07-03 15:31:14,455 - Trying to use logger class org.apache.velocity.runtime.log.Log4JLogChute
2013-07-03 15:31:14,455 - Using logger class org.apache.velocity.runtime.log.Log4JLogChute
2013-07-03 15:31:14,458 - Default ResourceManager initializing. (class org.apache.velocity.runtime.resource.ResourceManagerImpl)
2013-07-03 15:31:14,464 - ResourceLoader instantiated: org.apache.velocity.runtime.resource.loader.FileResourceLoader
2013-07-03 15:31:14,465 - FileResourceLoader : initialization starting.
2013-07-03 15:31:14,465 - Do unicode file recognition:  false
2013-07-03 15:31:14,465 - FileResourceLoader : adding path '.'
2013-07-03 15:31:14,465 - FileResourceLoader : initialization complete.
2013-07-03 15:31:14,489 - ResourceCache: initialized (class org.apache.velocity.runtime.resource.ResourceCacheImpl) with class java.util.Collections$SynchronizedMap cache map.
2013-07-03 15:31:14,489 - Default ResourceManager initialization complete.
2013-07-03 15:31:14,490 - Loaded System Directive: org.apache.velocity.runtime.directive.Define
2013-07-03 15:31:14,492 - Loaded System Directive: org.apache.velocity.runtime.directive.Break
2013-07-03 15:31:14,493 - Loaded System Directive: org.apache.velocity.runtime.directive.Evaluate
2013-07-03 15:31:14,495 - Loaded System Directive: org.apache.velocity.runtime.directive.Literal
2013-07-03 15:31:14,497 - Loaded System Directive: org.apache.velocity.runtime.directive.Macro
2013-07-03 15:31:14,499 - Loaded System Directive: org.apache.velocity.runtime.directive.Parse
2013-07-03 15:31:14,500 - Loaded System Directive: org.apache.velocity.runtime.directive.Include
2013-07-03 15:31:14,501 - Loaded System Directive: org.apache.velocity.runtime.directive.Foreach
2013-07-03 15:31:14,551 - Created '20' parsers.
2013-07-03 15:31:14,563 - Velocimacro : initialization starting.
2013-07-03 15:31:14,564 - Velocimacro : "velocimacro.library" is not set.  Trying default library: VM_global_library.vm
2013-07-03 15:31:14,564 - Velocimacro : Default library not found.
2013-07-03 15:31:14,564 - Velocimacro : allowInline = true : VMs can be defined inline in templates
2013-07-03 15:31:14,564 - Velocimacro : allowInlineToOverride = false : VMs defined inline may NOT replace previous VM definitions
2013-07-03 15:31:14,564 - Velocimacro : allowInlineLocal = false : VMs defined inline will be global in scope if allowed.
2013-07-03 15:31:14,564 - Velocimacro : autoload off : VM system will not automatically reload global library macros
2013-07-03 15:31:14,564 - Velocimacro : Velocimacro : initialization complete.
2013-07-03 15:31:14,564 - RuntimeInstance successfully initialized.
2013-07-03 15:31:45,540 - Log4JLogChute initialized using file 'velocity.log'
2013-07-03 15:31:45,541 - *******************************************************************
2013-07-03 15:31:45,541 - Starting Apache Velocity v1.6.3 (compiled: 2009-12-07 15:40:14)
2013-07-03 15:31:45,541 - RuntimeInstance initializing.
2013-07-03 15:31:45,541 - Default Properties File: org/apache/velocity/runtime/defaults/velocity.properties
2013-07-03 15:31:45,541 - Trying to use logger class org.apache.velocity.runtime.log.AvalonLogChute
2013-07-03 15:31:45,541 - Target log system for org.apache.velocity.runtime.log.AvalonLogChute is not available (java.lang.NoClassDefFoundError: org/apache/log/format/Formatter).  Falling back to next log system...
2013-07-03 15:31:45,541 - Trying to use logger class org.apache.velocity.runtime.log.Log4JLogChute
2013-07-03 15:31:45,541 - Using logger class org.apache.velocity.runtime.log.Log4JLogChute
2013-07-03 15:31:45,544 - Default ResourceManager initializing. (class org.apache.velocity.runtime.resource.ResourceManagerImpl)
2013-07-03 15:31:45,549 - ResourceLoader instantiated: org.apache.velocity.runtime.resource.loader.FileResourceLoader
2013-07-03 15:31:45,552 - FileResourceLoader : initialization starting.
2013-07-03 15:31:45,552 - Do unicode file recognition:  false
2013-07-03 15:31:45,552 - FileResourceLoader : adding path '.'
2013-07-03 15:31:45,552 - FileResourceLoader : initialization complete.
2013-07-03 15:31:45,589 - ResourceCache: initialized (class org.apache.velocity.runtime.resource.ResourceCacheImpl) with class java.util.Collections$SynchronizedMap cache map.
2013-07-03 15:31:45,589 - Default ResourceManager initialization complete.
2013-07-03 15:31:45,591 - Loaded System Directive: org.apache.velocity.runtime.directive.Define
2013-07-03 15:31:45,592 - Loaded System Directive: org.apache.velocity.runtime.directive.Break
2013-07-03 15:31:45,594 - Loaded System Directive: org.apache.velocity.runtime.directive.Evaluate
2013-07-03 15:31:45,594 - Loaded System Directive: org.apache.velocity.runtime.directive.Literal
2013-07-03 15:31:45,598 - Loaded System Directive: org.apache.velocity.runtime.directive.Macro
2013-07-03 15:31:45,600 - Loaded System Directive: org.apache.velocity.runtime.directive.Parse
2013-07-03 15:31:45,602 - Loaded System Directive: org.apache.velocity.runtime.directive.Include
2013-07-03 15:31:45,603 - Loaded System Directive: org.apache.velocity.runtime.directive.Foreach
2013-07-03 15:31:45,642 - Created '20' parsers.
2013-07-03 15:31:45,650 - Velocimacro : initialization starting.
2013-07-03 15:31:45,650 - Velocimacro : "velocimacro.library" is not set.  Trying default library: VM_global_library.vm
2013-07-03 15:31:45,650 - Velocimacro : Default library not found.
2013-07-03 15:31:45,650 - Velocimacro : allowInline = true : VMs can be defined inline in templates
2013-07-03 15:31:45,650 - Velocimacro : allowInlineToOverride = false : VMs defined inline may NOT replace previous VM definitions
2013-07-03 15:31:45,650 - Velocimacro : allowInlineLocal = false : VMs defined inline will be global in scope if allowed.
2013-07-03 15:31:45,650 - Velocimacro : autoload off : VM system will not automatically reload global library macros
2013-07-03 15:31:45,651 - Velocimacro : Velocimacro : initialization complete.
2013-07-03 15:31:45,651 - RuntimeInstance successfully initialized.
2013-07-03 15:36:36,280 - Log4JLogChute initialized using file 'velocity.log'
2013-07-03 15:36:36,281 - *******************************************************************
2013-07-03 15:36:36,281 - Starting Apache Velocity v1.6.3 (compiled: 2009-12-07 15:40:14)
2013-07-03 15:36:36,281 - RuntimeInstance initializing.
2013-07-03 15:36:36,281 - Default Properties File: org/apache/velocity/runtime/defaults/velocity.properties
2013-07-03 15:36:36,281 - Trying to use logger class org.apache.velocity.runtime.log.AvalonLogChute
2013-07-03 15:36:36,281 - Target log system for org.apache.velocity.runtime.log.AvalonLogChute is not available (java.lang.NoClassDefFoundError: org/apache/log/format/Formatter).  Falling back to next log system...
2013-07-03 15:36:36,281 - Trying to use logger class org.apache.velocity.runtime.log.Log4JLogChute
2013-07-03 15:36:36,281 - Using logger class org.apache.velocity.runtime.log.Log4JLogChute
2013-07-03 15:36:36,283 - Default ResourceManager initializing. (class org.apache.velocity.runtime.resource.ResourceManagerImpl)
2013-07-03 15:36:36,287 - ResourceLoader instantiated: org.apache.velocity.runtime.resource.loader.FileResourceLoader
2013-07-03 15:36:36,288 - FileResourceLoader : initialization starting.
2013-07-03 15:36:36,288 - Do unicode file recognition:  false
2013-07-03 15:36:36,289 - FileResourceLoader : adding path '.'
2013-07-03 15:36:36,289 - FileResourceLoader : initialization complete.
2013-07-03 15:36:36,308 - ResourceCache: initialized (class org.apache.velocity.runtime.resource.ResourceCacheImpl) with class java.util.Collections$SynchronizedMap cache map.
2013-07-03 15:36:36,308 - Default ResourceManager initialization complete.
2013-07-03 15:36:36,310 - Loaded System Directive: org.apache.velocity.runtime.directive.Define
2013-07-03 15:36:36,311 - Loaded System Directive: org.apache.velocity.runtime.directive.Break
2013-07-03 15:36:36,312 - Loaded System Directive: org.apache.velocity.runtime.directive.Evaluate
2013-07-03 15:36:36,313 - Loaded System Directive: org.apache.velocity.runtime.directive.Literal
2013-07-03 15:36:36,314 - Loaded System Directive: org.apache.velocity.runtime.directive.Macro
2013-07-03 15:36:36,315 - Loaded System Directive: org.apache.velocity.runtime.directive.Parse
2013-07-03 15:36:36,317 - Loaded System Directive: org.apache.velocity.runtime.directive.Include
2013-07-03 15:36:36,318 - Loaded System Directive: org.apache.velocity.runtime.directive.Foreach
2013-07-03 15:36:36,363 - Created '20' parsers.
2013-07-03 15:36:36,370 - Velocimacro : initialization starting.
2013-07-03 15:36:36,370 - Velocimacro : "velocimacro.library" is not set.  Trying default library: VM_global_library.vm
2013-07-03 15:36:36,371 - Velocimacro : Default library not found.
2013-07-03 15:36:36,371 - Velocimacro : allowInline = true : VMs can be defined inline in templates
2013-07-03 15:36:36,371 - Velocimacro : allowInlineToOverride = false : VMs defined inline may NOT replace previous VM definitions
2013-07-03 15:36:36,371 - Velocimacro : allowInlineLocal = false : VMs defined inline will be global in scope if allowed.
2013-07-03 15:36:36,371 - Velocimacro : autoload off : VM system will not automatically reload global library macros
2013-07-03 15:36:36,371 - Velocimacro : Velocimacro : initialization complete.
2013-07-03 15:36:36,371 - RuntimeInstance successfully initialized.
2013-07-04 20:51:23,877 - Log4JLogChute initialized using file 'velocity.log'
2013-07-04 20:51:23,878 - *******************************************************************
2013-07-04 20:51:23,878 - Starting Apache Velocity v1.6.3 (compiled: 2009-12-07 15:40:14)
2013-07-04 20:51:23,878 - RuntimeInstance initializing.
2013-07-04 20:51:23,878 - Default Properties File: org/apache/velocity/runtime/defaults/velocity.properties
2013-07-04 20:51:23,878 - Trying to use logger class org.apache.velocity.runtime.log.AvalonLogChute
2013-07-04 20:51:23,878 - Target log system for org.apache.velocity.runtime.log.AvalonLogChute is not available (java.lang.NoClassDefFoundError: org/apache/log/format/Formatter).  Falling back to next log system...
2013-07-04 20:51:23,878 - Trying to use logger class org.apache.velocity.runtime.log.Log4JLogChute
2013-07-04 20:51:23,878 - Using logger class org.apache.velocity.runtime.log.Log4JLogChute
2013-07-04 20:51:23,903 - Default ResourceManager initializing. (class org.apache.velocity.runtime.resource.ResourceManagerImpl)
2013-07-04 20:51:23,910 - ResourceLoader instantiated: org.apache.velocity.runtime.resource.loader.FileResourceLoader
2013-07-04 20:51:23,912 - FileResourceLoader : initialization starting.
2013-07-04 20:51:23,912 - Do unicode file recognition:  false
2013-07-04 20:51:23,912 - FileResourceLoader : adding path '.'
2013-07-04 20:51:23,912 - FileResourceLoader : initialization complete.
2013-07-04 20:51:23,932 - ResourceCache: initialized (class org.apache.velocity.runtime.resource.ResourceCacheImpl) with class java.util.Collections$SynchronizedMap cache map.
2013-07-04 20:51:23,932 - Default ResourceManager initialization complete.
2013-07-04 20:51:23,934 - Loaded System Directive: org.apache.velocity.runtime.directive.Define
2013-07-04 20:51:23,934 - Loaded System Directive: org.apache.velocity.runtime.directive.Break
2013-07-04 20:51:23,935 - Loaded System Directive: org.apache.velocity.runtime.directive.Evaluate
2013-07-04 20:51:23,937 - Loaded System Directive: org.apache.velocity.runtime.directive.Literal
2013-07-04 20:51:23,939 - Loaded System Directive: org.apache.velocity.runtime.directive.Macro
2013-07-04 20:51:23,940 - Loaded System Directive: org.apache.velocity.runtime.directive.Parse
2013-07-04 20:51:23,941 - Loaded System Directive: org.apache.velocity.runtime.directive.Include
2013-07-04 20:51:23,942 - Loaded System Directive: org.apache.velocity.runtime.directive.Foreach
2013-07-04 20:51:23,980 - Created '20' parsers.
2013-07-04 20:51:23,990 - Velocimacro : initialization starting.
2013-07-04 20:51:23,990 - Velocimacro : "velocimacro.library" is not set.  Trying default library: VM_global_library.vm
2013-07-04 20:51:23,990 - Velocimacro : Default library not found.
2013-07-04 20:51:23,990 - Velocimacro : allowInline = true : VMs can be defined inline in templates
2013-07-04 20:51:23,990 - Velocimacro : allowInlineToOverride = false : VMs defined inline may NOT replace previous VM definitions
2013-07-04 20:51:23,990 - Velocimacro : allowInlineLocal = false : VMs defined inline will be global in scope if allowed.
2013-07-04 20:51:23,990 - Velocimacro : autoload off : VM system will not automatically reload global library macros
2013-07-04 20:51:23,990 - Velocimacro : Velocimacro : initialization complete.
2013-07-04 20:51:23,990 - RuntimeInstance successfully initialized.
2013-07-04 20:52:33,962 - Log4JLogChute initialized using file 'velocity.log'
2013-07-04 20:52:33,962 - *******************************************************************
2013-07-04 20:52:33,962 - Starting Apache Velocity v1.6.3 (compiled: 2009-12-07 15:40:14)
2013-07-04 20:52:33,962 - RuntimeInstance initializing.
2013-07-04 20:52:33,962 - Default Properties File: org/apache/velocity/runtime/defaults/velocity.properties
2013-07-04 20:52:33,963 - Trying to use logger class org.apache.velocity.runtime.log.AvalonLogChute
2013-07-04 20:52:33,963 - Target log system for org.apache.velocity.runtime.log.AvalonLogChute is not available (java.lang.NoClassDefFoundError: org/apache/log/format/Formatter).  Falling back to next log system...
2013-07-04 20:52:33,963 - Trying to use logger class org.apache.velocity.runtime.log.Log4JLogChute
2013-07-04 20:52:33,963 - Using logger class org.apache.velocity.runtime.log.Log4JLogChute
2013-07-04 20:52:33,966 - Default ResourceManager initializing. (class org.apache.velocity.runtime.resource.ResourceManagerImpl)
2013-07-04 20:52:33,971 - ResourceLoader instantiated: org.apache.velocity.runtime.resource.loader.FileResourceLoader
2013-07-04 20:52:33,973 - FileResourceLoader : initialization starting.
2013-07-04 20:52:33,973 - Do unicode file recognition:  false
2013-07-04 20:52:33,973 - FileResourceLoader : adding path '.'
2013-07-04 20:52:33,973 - FileResourceLoader : initialization complete.
2013-07-04 20:52:33,992 - ResourceCache: initialized (class org.apache.velocity.runtime.resource.ResourceCacheImpl) with class java.util.Collections$SynchronizedMap cache map.
2013-07-04 20:52:33,992 - Default ResourceManager initialization complete.
2013-07-04 20:52:33,994 - Loaded System Directive: org.apache.velocity.runtime.directive.Define
2013-07-04 20:52:33,996 - Loaded System Directive: org.apache.velocity.runtime.directive.Break
2013-07-04 20:52:33,999 - Loaded System Directive: org.apache.velocity.runtime.directive.Evaluate
2013-07-04 20:52:34,000 - Loaded System Directive: org.apache.velocity.runtime.directive.Literal
2013-07-04 20:52:34,002 - Loaded System Directive: org.apache.velocity.runtime.directive.Macro
2013-07-04 20:52:34,004 - Loaded System Directive: org.apache.velocity.runtime.directive.Parse
2013-07-04 20:52:34,006 - Loaded System Directive: org.apache.velocity.runtime.directive.Include
2013-07-04 20:52:34,007 - Loaded System Directive: org.apache.velocity.runtime.directive.Foreach
2013-07-04 20:52:34,039 - Created '20' parsers.
2013-07-04 20:52:34,048 - Velocimacro : initialization starting.
2013-07-04 20:52:34,048 - Velocimacro : "velocimacro.library" is not set.  Trying default library: VM_global_library.vm
2013-07-04 20:52:34,049 - Velocimacro : Default library not found.
2013-07-04 20:52:34,049 - Velocimacro : allowInline = true : VMs can be defined inline in templates
2013-07-04 20:52:34,049 - Velocimacro : allowInlineToOverride = false : VMs defined inline may NOT replace previous VM definitions
2013-07-04 20:52:34,049 - Velocimacro : allowInlineLocal = false : VMs defined inline will be global in scope if allowed.
2013-07-04 20:52:34,049 - Velocimacro : autoload off : VM system will not automatically reload global library macros
2013-07-04 20:52:34,049 - Velocimacro : Velocimacro : initialization complete.
2013-07-04 20:52:34,049 - RuntimeInstance successfully initialized.
2013-07-04 20:53:22,748 - Log4JLogChute initialized using file 'velocity.log'
2013-07-04 20:53:22,748 - *******************************************************************
2013-07-04 20:53:22,748 - Starting Apache Velocity v1.6.3 (compiled: 2009-12-07 15:40:14)
2013-07-04 20:53:22,748 - RuntimeInstance initializing.
2013-07-04 20:53:22,748 - Default Properties File: org/apache/velocity/runtime/defaults/velocity.properties
2013-07-04 20:53:22,748 - Trying to use logger class org.apache.velocity.runtime.log.AvalonLogChute
2013-07-04 20:53:22,748 - Target log system for org.apache.velocity.runtime.log.AvalonLogChute is not available (java.lang.NoClassDefFoundError: org/apache/log/format/Formatter).  Falling back to next log system...
2013-07-04 20:53:22,748 - Trying to use logger class org.apache.velocity.runtime.log.Log4JLogChute
2013-07-04 20:53:22,748 - Using logger class org.apache.velocity.runtime.log.Log4JLogChute
2013-07-04 20:53:22,752 - Default ResourceManager initializing. (class org.apache.velocity.runtime.resource.ResourceManagerImpl)
2013-07-04 20:53:22,757 - ResourceLoader instantiated: org.apache.velocity.runtime.resource.loader.FileResourceLoader
2013-07-04 20:53:22,759 - FileResourceLoader : initialization starting.
2013-07-04 20:53:22,759 - Do unicode file recognition:  false
2013-07-04 20:53:22,759 - FileResourceLoader : adding path '.'
2013-07-04 20:53:22,759 - FileResourceLoader : initialization complete.
2013-07-04 20:53:22,776 - ResourceCache: initialized (class org.apache.velocity.runtime.resource.ResourceCacheImpl) with class java.util.Collections$SynchronizedMap cache map.
2013-07-04 20:53:22,776 - Default ResourceManager initialization complete.
2013-07-04 20:53:22,778 - Loaded System Directive: org.apache.velocity.runtime.directive.Define
2013-07-04 20:53:22,779 - Loaded System Directive: org.apache.velocity.runtime.directive.Break
2013-07-04 20:53:22,781 - Loaded System Directive: org.apache.velocity.runtime.directive.Evaluate
2013-07-04 20:53:22,782 - Loaded System Directive: org.apache.velocity.runtime.directive.Literal
2013-07-04 20:53:22,784 - Loaded System Directive: org.apache.velocity.runtime.directive.Macro
2013-07-04 20:53:22,786 - Loaded System Directive: org.apache.velocity.runtime.directive.Parse
2013-07-04 20:53:22,788 - Loaded System Directive: org.apache.velocity.runtime.directive.Include
2013-07-04 20:53:22,789 - Loaded System Directive: org.apache.velocity.runtime.directive.Foreach
2013-07-04 20:53:22,830 - Created '20' parsers.
2013-07-04 20:53:22,847 - Velocimacro : initialization starting.
2013-07-04 20:53:22,847 - Velocimacro : "velocimacro.library" is not set.  Trying default library: VM_global_library.vm
2013-07-04 20:53:22,847 - Velocimacro : Default library not found.
2013-07-04 20:53:22,847 - Velocimacro : allowInline = true : VMs can be defined inline in templates
2013-07-04 20:53:22,847 - Velocimacro : allowInlineToOverride = false : VMs defined inline may NOT replace previous VM definitions
2013-07-04 20:53:22,847 - Velocimacro : allowInlineLocal = false : VMs defined inline will be global in scope if allowed.
2013-07-04 20:53:22,847 - Velocimacro : autoload off : VM system will not automatically reload global library macros
2013-07-04 20:53:22,847 - Velocimacro : Velocimacro : initialization complete.
2013-07-04 20:53:22,847 - RuntimeInstance successfully initialized.
2013-07-05 17:48:53,556 - Log4JLogChute initialized using file 'velocity.log'
2013-07-05 17:48:53,557 - *******************************************************************
2013-07-05 17:48:53,557 - Starting Apache Velocity v1.6.3 (compiled: 2009-12-07 15:40:14)
2013-07-05 17:48:53,557 - RuntimeInstance initializing.
2013-07-05 17:48:53,557 - Default Properties File: org/apache/velocity/runtime/defaults/velocity.properties
2013-07-05 17:48:53,557 - Trying to use logger class org.apache.velocity.runtime.log.AvalonLogChute
2013-07-05 17:48:53,557 - Target log system for org.apache.velocity.runtime.log.AvalonLogChute is not available (java.lang.NoClassDefFoundError: org/apache/log/format/Formatter).  Falling back to next log system...
2013-07-05 17:48:53,557 - Trying to use logger class org.apache.velocity.runtime.log.Log4JLogChute
2013-07-05 17:48:53,557 - Using logger class org.apache.velocity.runtime.log.Log4JLogChute
2013-07-05 17:48:53,559 - Default ResourceManager initializing. (class org.apache.velocity.runtime.resource.ResourceManagerImpl)
2013-07-05 17:48:53,566 - ResourceLoader instantiated: org.apache.velocity.runtime.resource.loader.FileResourceLoader
2013-07-05 17:48:53,568 - FileResourceLoader : initialization starting.
2013-07-05 17:48:53,568 - Do unicode file recognition:  false
2013-07-05 17:48:53,568 - FileResourceLoader : adding path '.'
2013-07-05 17:48:53,568 - FileResourceLoader : initialization complete.
2013-07-05 17:48:53,613 - ResourceCache: initialized (class org.apache.velocity.runtime.resource.ResourceCacheImpl) with class java.util.Collections$SynchronizedMap cache map.
2013-07-05 17:48:53,613 - Default ResourceManager initialization complete.
2013-07-05 17:48:53,615 - Loaded System Directive: org.apache.velocity.runtime.directive.Define
2013-07-05 17:48:53,616 - Loaded System Directive: org.apache.velocity.runtime.directive.Break
2013-07-05 17:48:53,618 - Loaded System Directive: org.apache.velocity.runtime.directive.Evaluate
2013-07-05 17:48:53,620 - Loaded System Directive: org.apache.velocity.runtime.directive.Literal
2013-07-05 17:48:53,622 - Loaded System Directive: org.apache.velocity.runtime.directive.Macro
2013-07-05 17:48:53,624 - Loaded System Directive: org.apache.velocity.runtime.directive.Parse
2013-07-05 17:48:53,626 - Loaded System Directive: org.apache.velocity.runtime.directive.Include
2013-07-05 17:48:53,627 - Loaded System Directive: org.apache.velocity.runtime.directive.Foreach
2013-07-05 17:48:53,654 - Created '20' parsers.
2013-07-05 17:48:53,662 - Velocimacro : initialization starting.
2013-07-05 17:48:53,662 - Velocimacro : "velocimacro.library" is not set.  Trying default library: VM_global_library.vm
2013-07-05 17:48:53,662 - Velocimacro : Default library not found.
2013-07-05 17:48:53,662 - Velocimacro : allowInline = true : VMs can be defined inline in templates
2013-07-05 17:48:53,662 - Velocimacro : allowInlineToOverride = false : VMs defined inline may NOT replace previous VM definitions
2013-07-05 17:48:53,662 - Velocimacro : allowInlineLocal = false : VMs defined inline will be global in scope if allowed.
2013-07-05 17:48:53,662 - Velocimacro : autoload off : VM system will not automatically reload global library macros
2013-07-05 17:48:53,662 - Velocimacro : Velocimacro : initialization complete.
2013-07-05 17:48:53,662 - RuntimeInstance successfully initialized.
